<?xml version="1.0" encoding="UTF-8"?>
<testng-results ignored="0" total="2" passed="2" failed="0" skipped="0">
  <reporter-output>
  </reporter-output>
  <suite started-at="2023-01-09T12:05:18Z" name="Default suite" finished-at="2023-01-09T12:06:18Z" duration-ms="60456">
    <groups>
    </groups>
    <test started-at="2023-01-09T12:05:18Z" name="Default test" finished-at="2023-01-09T12:06:18Z" duration-ms="60456">
      <class name="com.app.tests.Apptest">
        <test-method is-config="true" signature="setup()[pri:0, instance:com.app.tests.Apptest@26ceffa8]" started-at="2023-01-09T17:35:18Z" name="setup" finished-at="2023-01-09T17:35:20Z" duration-ms="1806" status="PASS">
          <reporter-output>
          </reporter-output>
        </test-method> <!-- setup -->
        <test-method signature="verifyscenario4()[pri:0, instance:com.app.tests.Apptest@26ceffa8]" started-at="2023-01-09T17:35:20Z" name="verifyscenario4" finished-at="2023-01-09T17:35:36Z" duration-ms="15931" status="PASS">
          <reporter-output>
          </reporter-output>
        </test-method> <!-- verifyscenario4 -->
        <test-method is-config="true" signature="tearDown()[pri:0, instance:com.app.tests.Apptest@26ceffa8]" started-at="2023-01-09T17:35:36Z" name="tearDown" finished-at="2023-01-09T17:35:36Z" duration-ms="0" status="PASS">
          <reporter-output>
          </reporter-output>
        </test-method> <!-- tearDown -->
        <test-method is-config="true" signature="setup()[pri:0, instance:com.app.tests.Apptest@26ceffa8]" started-at="2023-01-09T17:35:36Z" name="setup" finished-at="2023-01-09T17:35:37Z" duration-ms="1024" status="PASS">
          <reporter-output>
          </reporter-output>
        </test-method> <!-- setup -->
        <test-method signature="verifyscenario5()[pri:0, instance:com.app.tests.Apptest@26ceffa8]" started-at="2023-01-09T17:35:37Z" name="verifyscenario5" finished-at="2023-01-09T17:36:18Z" duration-ms="41682" status="PASS">
          <reporter-output>
          </reporter-output>
        </test-method> <!-- verifyscenario5 -->
        <test-method is-config="true" signature="tearDown()[pri:0, instance:com.app.tests.Apptest@26ceffa8]" started-at="2023-01-09T17:36:18Z" name="tearDown" finished-at="2023-01-09T17:36:18Z" duration-ms="1" status="PASS">
          <reporter-output>
          </reporter-output>
        </test-method> <!-- tearDown -->
      </class> <!-- com.app.tests.Apptest -->
    </test> <!-- Default test -->
  </suite> <!-- Default suite -->
</testng-results>
